Arguments: 
  C:\Program Files\nodejs\node.exe C:\Program Files (x86)\Yarn\bin\yarn.js global dir

PATH: 
  C:\Users\Nguyen\AppData\Roaming\npm\node_modules\expo-cli\node_modules\@expo\xdl\binaries\windows\adb;C:\Program Files\nodejs\node_modules\npm\node_modules\npm-lifecycle\node-gyp-bin;C:\WWU\volunteer\VoltrackDemo\node_modules\.bin;C:\Program Files\Common Files\Oracle\Java\javapath;C:\Program Files (x86)\Common Files\Oracle\Java\javapath;C:\Python39\Scripts\;C:\Python39\;C:\Windows\system32;C:\Windows;C:\Windows\System32\Wbem;C:\Windows\System32\WindowsPowerShell\v1.0\;C:\Windows\System32\OpenSSH\;C:\Program Files (x86)\Intel\Intel(R) Management Engine Components\DAL;C:\Program Files\Intel\Intel(R) Management Engine Components\DAL;C:\Program Files\nodejs\;C:\ProgramData\chocolatey\bin;C:\Program Files (x86)\Yarn\bin\;C:\Program Files\Java\jdk-15.0.2\bin;C:\Users\Nguyen\AppData\Local\Yarn\bin;C:\Users\Nguyen\AppData\Roaming\npm;D:\Downloads\Microsoft VS Code\bin

Yarn version: 
  1.22.5

Node version: 
  12.19.0

Platform: 
  win32 x64

Trace: 
  SyntaxError: C:\WWU\volunteer\VoltrackDemo\package.json: Unexpected token < in JSON at position 913
      at JSON.parse (<anonymous>)
      at C:\Program Files (x86)\Yarn\lib\cli.js:1625:59
      at Generator.next (<anonymous>)
      at step (C:\Program Files (x86)\Yarn\lib\cli.js:310:30)
      at C:\Program Files (x86)\Yarn\lib\cli.js:321:13

npm manifest: 
  {
    "main": "node_modules/expo/AppEntry.js",
    "scripts": {
      "start": "expo start",
      "android": "expo start --android",
      "ios": "expo start --ios",
      "web": "expo start --web",
      "eject": "expo eject"
    },
    "dependencies": {
      "@react-native-picker/picker": "^1.9.2",
      "buffer": "^6.0.2",
      "events": "^3.2.0",
      "expo": "~39.0.2",
      "expo-linear-gradient": "~8.3.0",
      "expo-status-bar": "~1.0.2",
      "haversine": "^1.1.1",
      "react": "16.13.1",
      "react-dom": "16.13.1",
      "react-native": "https://github.com/expo/react-native/archive/sdk-39.0.3.tar.gz",
      "react-native-bcrypt": "^2.4.0",
      "react-native-gesture-handler": "^1.7.0",
      "react-native-maps": "^0.27.1",
      "react-native-reanimated": "^1.13.1",
      "react-native-router-flux": "^4.2.0",
      "react-native-screen": "^1.0.1",
      "react-native-screens": "~2.10.1",
      "react-native-simple-toast": "^1.1.3",
  <<<<<<< HEAD
      "react-native-styled-toast": "^1.1.1",
  =======
  >>>>>>> 7a1be6487440650cd80881a30ea3f07f33271f51
      "react-native-tcp": "^4.0.0",
      "react-native-tcp-socket": "^4.5.4",
      "react-native-toast-message": "^1.4.4",
      "react-native-web": "~0.13.12",
      "readable-stream": "^1.0.33",
      "router": "^1.3.5",
      "socket.io-client": "^2.1.1",
      "stream-browserify": "^1.0.0",
      "styled-components": "^5.2.1",
      "styled-system": "^5.1.5"
    },
    "devDependencies": {
      "@babel/core": "~7.9.0",
      "rn-nodeify": "^10.2.0"
    },
    "private": true,
    "react-native": {
      "zlib": "browserify-zlib",
      "console": "console-browserify",
      "constants": "constants-browserify",
      "crypto": "react-native-crypto",
      "dns": "dns.js",
      "net": "react-native-tcp",
      "domain": "domain-browser",
      "http": "@tradle/react-native-http",
      "https": "https-browserify",
      "os": "react-native-os",
      "path": "path-browserify",
      "querystring": "querystring-es3",
      "fs": "react-native-level-fs",
      "_stream_transform": "readable-stream/transform",
      "_stream_readable": "readable-stream/readable",
      "_stream_writable": "readable-stream/writable",
      "_stream_duplex": "readable-stream/duplex",
      "_stream_passthrough": "readable-stream/passthrough",
      "dgram": "react-native-udp",
      "stream": "stream-browserify",
      "timers": "timers-browserify",
      "tty": "tty-browserify",
      "vm": "vm-browserify",
      "tls": false
    },
    "browser": {
      "zlib": "browserify-zlib",
      "console": "console-browserify",
      "constants": "constants-browserify",
      "crypto": "react-native-crypto",
      "dns": "dns.js",
      "net": "react-native-tcp",
      "domain": "domain-browser",
      "http": "@tradle/react-native-http",
      "https": "https-browserify",
      "os": "react-native-os",
      "path": "path-browserify",
      "querystring": "querystring-es3",
      "fs": "react-native-level-fs",
      "_stream_transform": "readable-stream/transform",
      "_stream_readable": "readable-stream/readable",
      "_stream_writable": "readable-stream/writable",
      "_stream_duplex": "readable-stream/duplex",
      "_stream_passthrough": "readable-stream/passthrough",
      "dgram": "react-native-udp",
      "stream": "stream-browserify",
      "timers": "timers-browserify",
      "tty": "tty-browserify",
      "vm": "vm-browserify",
      "tls": false
    }
  }

yarn manifest: 
  No manifest

Lockfile: 
  No lockfile
